[2.845s] Invoking command in '/home/stepa/ros2_ws/diplom-robot/robot/src/robot': PYTHONPATH=/home/stepa/ros2_ws/diplom-robot/robot/build/robot/prefix_override:/usr/lib/python3/dist-packages/colcon_core/task/python/colcon_distutils_commands:/home/stepa/ros2_ws/diplom-robot/robot/install/robot/lib/python3.10/site-packages:${PYTHONPATH} /usr/bin/python3 -W ignore:setup.py install is deprecated -W ignore:easy_install command is deprecated setup.py egg_info --egg-base ../../build/robot build --build-base /home/stepa/ros2_ws/diplom-robot/robot/build/robot/build install --record /home/stepa/ros2_ws/diplom-robot/robot/build/robot/install.log --single-version-externally-managed install_data
[4.110s] running egg_info
[4.112s] creating ../../build/robot/robot.egg-info
[4.113s] writing ../../build/robot/robot.egg-info/PKG-INFO
[4.114s] writing dependency_links to ../../build/robot/robot.egg-info/dependency_links.txt
[4.115s] writing entry points to ../../build/robot/robot.egg-info/entry_points.txt
[4.115s] writing requirements to ../../build/robot/robot.egg-info/requires.txt
[4.116s] writing top-level names to ../../build/robot/robot.egg-info/top_level.txt
[4.117s] writing manifest file '../../build/robot/robot.egg-info/SOURCES.txt'
[4.125s] reading manifest file '../../build/robot/robot.egg-info/SOURCES.txt'
[4.128s] writing manifest file '../../build/robot/robot.egg-info/SOURCES.txt'
[4.129s] running build
[4.130s] running build_py
[4.130s] creating /home/stepa/ros2_ws/diplom-robot/robot/build/robot/build
[4.131s] creating /home/stepa/ros2_ws/diplom-robot/robot/build/robot/build/lib
[4.132s] creating /home/stepa/ros2_ws/diplom-robot/robot/build/robot/build/lib/robot
[4.132s] copying robot/__init__.py -> /home/stepa/ros2_ws/diplom-robot/robot/build/robot/build/lib/robot
[4.132s] running install
[4.134s] running install_lib
[4.138s] creating /home/stepa/ros2_ws/diplom-robot/robot/install/robot/lib/python3.10/site-packages/robot
[4.139s] copying /home/stepa/ros2_ws/diplom-robot/robot/build/robot/build/lib/robot/__init__.py -> /home/stepa/ros2_ws/diplom-robot/robot/install/robot/lib/python3.10/site-packages/robot
[4.140s] byte-compiling /home/stepa/ros2_ws/diplom-robot/robot/install/robot/lib/python3.10/site-packages/robot/__init__.py to __init__.cpython-310.pyc
[4.141s] running install_data
[4.142s] creating /home/stepa/ros2_ws/diplom-robot/robot/install/robot/share/ament_index
[4.143s] creating /home/stepa/ros2_ws/diplom-robot/robot/install/robot/share/ament_index/resource_index
[4.143s] creating /home/stepa/ros2_ws/diplom-robot/robot/install/robot/share/ament_index/resource_index/packages
[4.143s] copying resource/robot -> /home/stepa/ros2_ws/diplom-robot/robot/install/robot/share/ament_index/resource_index/packages
[4.144s] copying package.xml -> /home/stepa/ros2_ws/diplom-robot/robot/install/robot/share/robot
[4.144s] running install_egg_info
[4.153s] Copying ../../build/robot/robot.egg-info to /home/stepa/ros2_ws/diplom-robot/robot/install/robot/lib/python3.10/site-packages/robot-0.0.0-py3.10.egg-info
[4.158s] running install_scripts
[4.264s] writing list of installed files to '/home/stepa/ros2_ws/diplom-robot/robot/build/robot/install.log'
[4.383s] Invoked command in '/home/stepa/ros2_ws/diplom-robot/robot/src/robot' returned '0': PYTHONPATH=/home/stepa/ros2_ws/diplom-robot/robot/build/robot/prefix_override:/usr/lib/python3/dist-packages/colcon_core/task/python/colcon_distutils_commands:/home/stepa/ros2_ws/diplom-robot/robot/install/robot/lib/python3.10/site-packages:${PYTHONPATH} /usr/bin/python3 -W ignore:setup.py install is deprecated -W ignore:easy_install command is deprecated setup.py egg_info --egg-base ../../build/robot build --build-base /home/stepa/ros2_ws/diplom-robot/robot/build/robot/build install --record /home/stepa/ros2_ws/diplom-robot/robot/build/robot/install.log --single-version-externally-managed install_data
